{"/Users/ren/IdeaProjects/starter-series/electron-app-starter/src/system-info.js": {"path":"/Users/ren/IdeaProjects/starter-series/electron-app-starter/src/system-info.js","statementMap":{"0":{"start":{"line":24,"column":2},"end":{"line":30,"column":4}},"1":{"start":{"line":33,"column":0},"end":{"line":33,"column":37}}},"fnMap":{"0":{"name":"buildSystemInfo","decl":{"start":{"line":23,"column":9},"end":{"line":23,"column":24}},"loc":{"start":{"line":23,"column":61},"end":{"line":31,"column":1}},"line":23}},"branchMap":{"0":{"loc":{"start":{"line":28,"column":21},"end":{"line":28,"column":56}},"type":"binary-expr","locations":[{"start":{"line":28,"column":21},"end":{"line":28,"column":43}},{"start":{"line":28,"column":47},"end":{"line":28,"column":56}}],"line":28}},"s":{"0":5,"1":1},"f":{"0":5},"b":{"0":[5,1]},"_coverageSchema":"1a1c01bbd47fc00a2c39e90264f33305004495a9","hash":"3366f5903572809776af4d8eee263c21624e398b"}
,"/Users/ren/IdeaProjects/starter-series/electron-app-starter/src/shared/ipc-contract.js": {"path":"/Users/ren/IdeaProjects/starter-series/electron-app-starter/src/shared/ipc-contract.js","statementMap":{"0":{"start":{"line":12,"column":46},"end":{"line":12,"column":80}},"1":{"start":{"line":18,"column":45},"end":{"line":18,"column":81}},"2":{"start":{"line":24,"column":43},"end":{"line":27,"column":1}},"3":{"start":{"line":65,"column":0},"end":{"line":69,"column":2}}},"fnMap":{},"branchMap":{},"s":{"0":1,"1":1,"2":1,"3":1},"f":{},"b":{},"_coverageSchema":"1a1c01bbd47fc00a2c39e90264f33305004495a9","hash":"0f8e8c3e4b08238ac1992da4268488de85b4bb87"}
}
