{"/Users/ren/IdeaProjects/starter-series/electron-app-starter/src/main.js": {"path":"/Users/ren/IdeaProjects/starter-series/electron-app-starter/src/main.js","statementMap":{"0":{"start":{"line":1,"column":61},"end":{"line":1,"column":80}},"1":{"start":{"line":2,"column":24},"end":{"line":2,"column":51}},"2":{"start":{"line":3,"column":11},"end":{"line":3,"column":29}},"3":{"start":{"line":4,"column":13},"end":{"line":4,"column":33}},"4":{"start":{"line":5,"column":28},"end":{"line":5,"column":55}},"5":{"start":{"line":6,"column":57},"end":{"line":6,"column":90}},"6":{"start":{"line":7,"column":44},"end":{"line":7,"column":79}},"7":{"start":{"line":9,"column":21},"end":{"line":9,"column":56}},"8":{"start":{"line":22,"column":32},"end":{"line":22,"column":33}},"9":{"start":{"line":23,"column":35},"end":{"line":23,"column":41}},"10":{"start":{"line":24,"column":28},"end":{"line":24,"column":29}},"11":{"start":{"line":25,"column":26},"end":{"line":25,"column":27}},"12":{"start":{"line":32,"column":0},"end":{"line":34,"column":3}},"13":{"start":{"line":33,"column":2},"end":{"line":33,"column":59}},"14":{"start":{"line":35,"column":0},"end":{"line":37,"column":3}},"15":{"start":{"line":36,"column":2},"end":{"line":36,"column":63}},"16":{"start":{"line":38,"column":0},"end":{"line":76,"column":3}},"17":{"start":{"line":39,"column":2},"end":{"line":39,"column":49}},"18":{"start":{"line":41,"column":2},"end":{"line":47,"column":3}},"19":{"start":{"line":46,"column":4},"end":{"line":46,"column":11}},"20":{"start":{"line":51,"column":14},"end":{"line":51,"column":24}},"21":{"start":{"line":52,"column":2},"end":{"line":54,"column":3}},"22":{"start":{"line":53,"column":4},"end":{"line":53,"column":30}},"23":{"start":{"line":55,"column":2},"end":{"line":55,"column":28}},"24":{"start":{"line":56,"column":2},"end":{"line":56,"column":29}},"25":{"start":{"line":58,"column":2},"end":{"line":69,"column":3}},"26":{"start":{"line":62,"column":4},"end":{"line":65,"column":6}},"27":{"start":{"line":66,"column":4},"end":{"line":66,"column":27}},"28":{"start":{"line":67,"column":4},"end":{"line":67,"column":16}},"29":{"start":{"line":68,"column":4},"end":{"line":68,"column":11}},"30":{"start":{"line":71,"column":2},"end":{"line":74,"column":4}},"31":{"start":{"line":75,"column":2},"end":{"line":75,"column":17}},"32":{"start":{"line":77,"column":0},"end":{"line":79,"column":3}},"33":{"start":{"line":78,"column":2},"end":{"line":78,"column":48}},"34":{"start":{"line":85,"column":35},"end":{"line":85,"column":46}},"35":{"start":{"line":88,"column":2},"end":{"line":88,"column":86}},"36":{"start":{"line":115,"column":2},"end":{"line":117,"column":5}},"37":{"start":{"line":116,"column":4},"end":{"line":116,"column":61}},"38":{"start":{"line":121,"column":2},"end":{"line":131,"column":5}},"39":{"start":{"line":122,"column":4},"end":{"line":126,"column":5}},"40":{"start":{"line":125,"column":6},"end":{"line":125,"column":33}},"41":{"start":{"line":127,"column":4},"end":{"line":129,"column":5}},"42":{"start":{"line":128,"column":6},"end":{"line":128,"column":27}},"43":{"start":{"line":130,"column":4},"end":{"line":130,"column":30}},"44":{"start":{"line":133,"column":2},"end":{"line":140,"column":5}},"45":{"start":{"line":134,"column":4},"end":{"line":139,"column":5}},"46":{"start":{"line":135,"column":6},"end":{"line":135,"column":29}},"47":{"start":{"line":136,"column":6},"end":{"line":138,"column":7}},"48":{"start":{"line":137,"column":8},"end":{"line":137,"column":29}},"49":{"start":{"line":144,"column":2},"end":{"line":153,"column":5}},"50":{"start":{"line":155,"column":2},"end":{"line":155,"column":27}},"51":{"start":{"line":156,"column":2},"end":{"line":156,"column":70}},"52":{"start":{"line":161,"column":0},"end":{"line":161,"column":58}},"53":{"start":{"line":161,"column":40},"end":{"line":161,"column":56}},"54":{"start":{"line":163,"column":0},"end":{"line":163,"column":88}},"55":{"start":{"line":163,"column":36},"end":{"line":163,"column":86}},"56":{"start":{"line":175,"column":18},"end":{"line":180,"column":3}},"57":{"start":{"line":176,"column":20},"end":{"line":176,"column":44}},"58":{"start":{"line":177,"column":4},"end":{"line":179,"column":5}},"59":{"start":{"line":178,"column":6},"end":{"line":178,"column":51}},"60":{"start":{"line":182,"column":2},"end":{"line":182,"column":55}},"61":{"start":{"line":182,"column":35},"end":{"line":182,"column":53}},"62":{"start":{"line":183,"column":2},"end":{"line":183,"column":53}},"63":{"start":{"line":183,"column":34},"end":{"line":183,"column":51}},"64":{"start":{"line":184,"column":2},"end":{"line":184,"column":51}},"65":{"start":{"line":184,"column":33},"end":{"line":184,"column":49}},"66":{"start":{"line":185,"column":2},"end":{"line":185,"column":61}},"67":{"start":{"line":185,"column":38},"end":{"line":185,"column":59}},"68":{"start":{"line":193,"column":34},"end":{"line":193,"column":35}},"69":{"start":{"line":194,"column":25},"end":{"line":194,"column":26}},"70":{"start":{"line":210,"column":13},"end":{"line":210,"column":31}},"71":{"start":{"line":211,"column":21},"end":{"line":211,"column":66}},"72":{"start":{"line":212,"column":2},"end":{"line":220,"column":3}},"73":{"start":{"line":213,"column":4},"end":{"line":213,"column":60}},"74":{"start":{"line":218,"column":4},"end":{"line":218,"column":73}},"75":{"start":{"line":219,"column":4},"end":{"line":219,"column":14}},"76":{"start":{"line":221,"column":2},"end":{"line":221,"column":56}},"77":{"start":{"line":222,"column":2},"end":{"line":222,"column":14}},"78":{"start":{"line":226,"column":2},"end":{"line":226,"column":31}},"79":{"start":{"line":227,"column":2},"end":{"line":227,"column":34}},"80":{"start":{"line":228,"column":2},"end":{"line":228,"column":42}},"81":{"start":{"line":230,"column":2},"end":{"line":232,"column":5}},"82":{"start":{"line":231,"column":4},"end":{"line":231,"column":51}},"83":{"start":{"line":234,"column":2},"end":{"line":240,"column":5}},"84":{"start":{"line":235,"column":4},"end":{"line":235,"column":52}},"85":{"start":{"line":236,"column":4},"end":{"line":236,"column":27}},"86":{"start":{"line":237,"column":4},"end":{"line":239,"column":5}},"87":{"start":{"line":238,"column":6},"end":{"line":238,"column":69}},"88":{"start":{"line":242,"column":2},"end":{"line":273,"column":5}},"89":{"start":{"line":243,"column":4},"end":{"line":243,"column":28}},"90":{"start":{"line":244,"column":4},"end":{"line":244,"column":51}},"91":{"start":{"line":248,"column":4},"end":{"line":253,"column":5}},"92":{"start":{"line":249,"column":6},"end":{"line":252,"column":9}},"93":{"start":{"line":254,"column":4},"end":{"line":272,"column":5}},"94":{"start":{"line":255,"column":6},"end":{"line":255,"column":79}},"95":{"start":{"line":260,"column":19},"end":{"line":260,"column":24}},"96":{"start":{"line":261,"column":6},"end":{"line":268,"column":7}},"97":{"start":{"line":262,"column":8},"end":{"line":262,"column":40}},"98":{"start":{"line":264,"column":8},"end":{"line":267,"column":10}},"99":{"start":{"line":269,"column":6},"end":{"line":271,"column":7}},"100":{"start":{"line":270,"column":8},"end":{"line":270,"column":41}},"101":{"start":{"line":275,"column":2},"end":{"line":275,"column":41}},"102":{"start":{"line":278,"column":0},"end":{"line":292,"column":3}},"103":{"start":{"line":279,"column":2},"end":{"line":279,"column":17}},"104":{"start":{"line":280,"column":2},"end":{"line":280,"column":29}},"105":{"start":{"line":283,"column":2},"end":{"line":285,"column":3}},"106":{"start":{"line":284,"column":4},"end":{"line":284,"column":22}},"107":{"start":{"line":287,"column":2},"end":{"line":291,"column":5}},"108":{"start":{"line":288,"column":4},"end":{"line":290,"column":5}},"109":{"start":{"line":289,"column":6},"end":{"line":289,"column":21}},"110":{"start":{"line":294,"column":0},"end":{"line":298,"column":3}},"111":{"start":{"line":295,"column":2},"end":{"line":297,"column":3}},"112":{"start":{"line":296,"column":4},"end":{"line":296,"column":15}},"113":{"start":{"line":301,"column":0},"end":{"line":301,"column":53}}},"fnMap":{"0":{"name":"(anonymous_0)","decl":{"start":{"line":32,"column":32},"end":{"line":32,"column":33}},"loc":{"start":{"line":32,"column":41},"end":{"line":34,"column":1}},"line":32},"1":{"name":"(anonymous_1)","decl":{"start":{"line":35,"column":33},"end":{"line":35,"column":34}},"loc":{"start":{"line":35,"column":45},"end":{"line":37,"column":1}},"line":35},"2":{"name":"(anonymous_2)","decl":{"start":{"line":38,"column":30},"end":{"line":38,"column":31}},"loc":{"start":{"line":38,"column":64},"end":{"line":76,"column":1}},"line":38},"3":{"name":"(anonymous_3)","decl":{"start":{"line":77,"column":29},"end":{"line":77,"column":30}},"loc":{"start":{"line":77,"column":50},"end":{"line":79,"column":1}},"line":77},"4":{"name":"isAllowedNavigation","decl":{"start":{"line":87,"column":9},"end":{"line":87,"column":28}},"loc":{"start":{"line":87,"column":40},"end":{"line":89,"column":1}},"line":87},"5":{"name":"openExternalUrl","decl":{"start":{"line":114,"column":9},"end":{"line":114,"column":24}},"loc":{"start":{"line":114,"column":30},"end":{"line":118,"column":1}},"line":114},"6":{"name":"(anonymous_6)","decl":{"start":{"line":115,"column":32},"end":{"line":115,"column":33}},"loc":{"start":{"line":115,"column":41},"end":{"line":117,"column":3}},"line":115},"7":{"name":"hardenWindow","decl":{"start":{"line":120,"column":9},"end":{"line":120,"column":21}},"loc":{"start":{"line":120,"column":27},"end":{"line":141,"column":1}},"line":120},"8":{"name":"(anonymous_8)","decl":{"start":{"line":121,"column":39},"end":{"line":121,"column":40}},"loc":{"start":{"line":121,"column":52},"end":{"line":131,"column":3}},"line":121},"9":{"name":"(anonymous_9)","decl":{"start":{"line":133,"column":38},"end":{"line":133,"column":39}},"loc":{"start":{"line":133,"column":54},"end":{"line":140,"column":3}},"line":133},"10":{"name":"createWindow","decl":{"start":{"line":143,"column":9},"end":{"line":143,"column":21}},"loc":{"start":{"line":143,"column":24},"end":{"line":157,"column":1}},"line":143},"11":{"name":"(anonymous_11)","decl":{"start":{"line":161,"column":34},"end":{"line":161,"column":35}},"loc":{"start":{"line":161,"column":40},"end":{"line":161,"column":56}},"line":161},"12":{"name":"(anonymous_12)","decl":{"start":{"line":163,"column":30},"end":{"line":163,"column":31}},"loc":{"start":{"line":163,"column":36},"end":{"line":163,"column":86}},"line":163},"13":{"name":"registerPowerEventBridge","decl":{"start":{"line":173,"column":9},"end":{"line":173,"column":33}},"loc":{"start":{"line":173,"column":36},"end":{"line":186,"column":1}},"line":173},"14":{"name":"(anonymous_14)","decl":{"start":{"line":175,"column":18},"end":{"line":175,"column":19}},"loc":{"start":{"line":175,"column":28},"end":{"line":180,"column":3}},"line":175},"15":{"name":"(anonymous_15)","decl":{"start":{"line":182,"column":29},"end":{"line":182,"column":30}},"loc":{"start":{"line":182,"column":35},"end":{"line":182,"column":53}},"line":182},"16":{"name":"(anonymous_16)","decl":{"start":{"line":183,"column":28},"end":{"line":183,"column":29}},"loc":{"start":{"line":183,"column":34},"end":{"line":183,"column":51}},"line":183},"17":{"name":"(anonymous_17)","decl":{"start":{"line":184,"column":27},"end":{"line":184,"column":28}},"loc":{"start":{"line":184,"column":33},"end":{"line":184,"column":49}},"line":184},"18":{"name":"(anonymous_18)","decl":{"start":{"line":185,"column":32},"end":{"line":185,"column":33}},"loc":{"start":{"line":185,"column":38},"end":{"line":185,"column":59}},"line":185},"19":{"name":"clearAutoUpdateCache","decl":{"start":{"line":207,"column":9},"end":{"line":207,"column":29}},"loc":{"start":{"line":207,"column":32},"end":{"line":223,"column":1}},"line":207},"20":{"name":"checkForUpdates","decl":{"start":{"line":225,"column":9},"end":{"line":225,"column":24}},"loc":{"start":{"line":225,"column":27},"end":{"line":276,"column":1}},"line":225},"21":{"name":"(anonymous_21)","decl":{"start":{"line":230,"column":37},"end":{"line":230,"column":38}},"loc":{"start":{"line":230,"column":47},"end":{"line":232,"column":3}},"line":230},"22":{"name":"(anonymous_22)","decl":{"start":{"line":234,"column":38},"end":{"line":234,"column":39}},"loc":{"start":{"line":234,"column":48},"end":{"line":240,"column":3}},"line":234},"23":{"name":"(anonymous_23)","decl":{"start":{"line":242,"column":26},"end":{"line":242,"column":27}},"loc":{"start":{"line":242,"column":35},"end":{"line":273,"column":3}},"line":242},"24":{"name":"(anonymous_24)","decl":{"start":{"line":278,"column":21},"end":{"line":278,"column":22}},"loc":{"start":{"line":278,"column":27},"end":{"line":292,"column":1}},"line":278},"25":{"name":"(anonymous_25)","decl":{"start":{"line":287,"column":21},"end":{"line":287,"column":22}},"loc":{"start":{"line":287,"column":27},"end":{"line":291,"column":3}},"line":287},"26":{"name":"(anonymous_26)","decl":{"start":{"line":294,"column":28},"end":{"line":294,"column":29}},"loc":{"start":{"line":294,"column":34},"end":{"line":298,"column":1}},"line":294}},"branchMap":{"0":{"loc":{"start":{"line":41,"column":2},"end":{"line":47,"column":3}},"type":"if","locations":[{"start":{"line":41,"column":2},"end":{"line":47,"column":3}},{"start":{},"end":{}}],"line":41},"1":{"loc":{"start":{"line":42,"column":4},"end":{"line":44,"column":47}},"type":"binary-expr","locations":[{"start":{"line":42,"column":4},"end":{"line":42,"column":15}},{"start":{"line":43,"column":7},"end":{"line":43,"column":45}},{"start":{"line":44,"column":7},"end":{"line":44,"column":47}}],"line":42},"2":{"loc":{"start":{"line":52,"column":2},"end":{"line":54,"column":3}},"type":"if","locations":[{"start":{"line":52,"column":2},"end":{"line":54,"column":3}},{"start":{},"end":{}}],"line":52},"3":{"loc":{"start":{"line":58,"column":2},"end":{"line":69,"column":3}},"type":"if","locations":[{"start":{"line":58,"column":2},"end":{"line":69,"column":3}},{"start":{},"end":{}}],"line":58},"4":{"loc":{"start":{"line":122,"column":4},"end":{"line":126,"column":5}},"type":"if","locations":[{"start":{"line":122,"column":4},"end":{"line":126,"column":5}},{"start":{},"end":{}}],"line":122},"5":{"loc":{"start":{"line":127,"column":4},"end":{"line":129,"column":5}},"type":"if","locations":[{"start":{"line":127,"column":4},"end":{"line":129,"column":5}},{"start":{},"end":{}}],"line":127},"6":{"loc":{"start":{"line":127,"column":8},"end":{"line":127,"column":63}},"type":"binary-expr","locations":[{"start":{"line":127,"column":8},"end":{"line":127,"column":33}},{"start":{"line":127,"column":37},"end":{"line":127,"column":63}}],"line":127},"7":{"loc":{"start":{"line":134,"column":4},"end":{"line":139,"column":5}},"type":"if","locations":[{"start":{"line":134,"column":4},"end":{"line":139,"column":5}},{"start":{},"end":{}}],"line":134},"8":{"loc":{"start":{"line":136,"column":6},"end":{"line":138,"column":7}},"type":"if","locations":[{"start":{"line":136,"column":6},"end":{"line":138,"column":7}},{"start":{},"end":{}}],"line":136},"9":{"loc":{"start":{"line":136,"column":10},"end":{"line":136,"column":65}},"type":"binary-expr","locations":[{"start":{"line":136,"column":10},"end":{"line":136,"column":35}},{"start":{"line":136,"column":39},"end":{"line":136,"column":65}}],"line":136},"10":{"loc":{"start":{"line":237,"column":4},"end":{"line":239,"column":5}},"type":"if","locations":[{"start":{"line":237,"column":4},"end":{"line":239,"column":5}},{"start":{},"end":{}}],"line":237},"11":{"loc":{"start":{"line":248,"column":4},"end":{"line":253,"column":5}},"type":"if","locations":[{"start":{"line":248,"column":4},"end":{"line":253,"column":5}},{"start":{},"end":{}}],"line":248},"12":{"loc":{"start":{"line":254,"column":4},"end":{"line":272,"column":5}},"type":"if","locations":[{"start":{"line":254,"column":4},"end":{"line":272,"column":5}},{"start":{},"end":{}}],"line":254},"13":{"loc":{"start":{"line":269,"column":6},"end":{"line":271,"column":7}},"type":"if","locations":[{"start":{"line":269,"column":6},"end":{"line":271,"column":7}},{"start":{},"end":{}}],"line":269},"14":{"loc":{"start":{"line":283,"column":2},"end":{"line":285,"column":3}},"type":"if","locations":[{"start":{"line":283,"column":2},"end":{"line":285,"column":3}},{"start":{},"end":{}}],"line":283},"15":{"loc":{"start":{"line":288,"column":4},"end":{"line":290,"column":5}},"type":"if","locations":[{"start":{"line":288,"column":4},"end":{"line":290,"column":5}},{"start":{},"end":{}}],"line":288},"16":{"loc":{"start":{"line":295,"column":2},"end":{"line":297,"column":3}},"type":"if","locations":[{"start":{"line":295,"column":2},"end":{"line":297,"column":3}},{"start":{},"end":{}}],"line":295}},"s":{"0":30,"1":30,"2":30,"3":30,"4":30,"5":30,"6":30,"7":30,"8":30,"9":30,"10":30,"11":30,"12":30,"13":1,"14":30,"15":1,"16":30,"17":17,"18":17,"19":1,"20":16,"21":16,"22":7,"23":16,"24":16,"25":16,"26":2,"27":2,"28":2,"29":2,"30":14,"31":14,"32":30,"33":1,"34":30,"35":8,"36":4,"37":2,"38":45,"39":4,"40":1,"41":3,"42":2,"43":3,"44":45,"45":4,"46":3,"47":3,"48":2,"49":45,"50":45,"51":45,"52":30,"53":1,"54":30,"55":1,"56":30,"57":1,"58":1,"59":1,"60":30,"61":1,"62":30,"63":0,"64":30,"65":0,"66":30,"67":0,"68":30,"69":30,"70":5,"71":5,"72":5,"73":5,"74":2,"75":2,"76":3,"77":3,"78":10,"79":10,"80":10,"81":10,"82":1,"83":10,"84":3,"85":3,"86":3,"87":2,"88":10,"89":19,"90":19,"91":19,"92":18,"93":19,"94":5,"95":5,"96":5,"97":5,"98":2,"99":5,"100":3,"101":10,"102":30,"103":30,"104":30,"105":30,"106":10,"107":30,"108":2,"109":1,"110":30,"111":2,"112":1,"113":30},"f":{"0":1,"1":1,"2":17,"3":1,"4":8,"5":4,"6":2,"7":45,"8":4,"9":4,"10":45,"11":1,"12":1,"13":30,"14":1,"15":1,"16":0,"17":0,"18":0,"19":5,"20":10,"21":1,"22":3,"23":19,"24":30,"25":2,"26":2},"b":{"0":[1,16],"1":[17,17,16],"2":[7,9],"3":[2,14],"4":[1,3],"5":[2,1],"6":[3,3],"7":[3,1],"8":[2,1],"9":[3,3],"10":[2,1],"11":[18,1],"12":[5,14],"13":[3,2],"14":[10,20],"15":[1,1],"16":[1,1]},"_coverageSchema":"1a1c01bbd47fc00a2c39e90264f33305004495a9","hash":"9606bcf30438f1edde7b44addd8218ccd42eb508"}
}
